ISim log file
Running: C:\Users\one\Desktop\Computer Architecture\Project\Alur\TestBench_isim_beh.exe -gui -tclbatch isim.cmd -wdb C:/Users/one/Desktop/Computer Architecture/Project/Alur/TestBench_isim_beh.wdb 
ISim M.70d (signature 0x36e8438f)
----------------------------------------------------------------------
INFO:Security:65 - Your license for 'ISIM' is for trial use only.


----------------------------------------------------------------------
This is a Full version of ISim.
Time resolution is 1 ps
# onerror resume
# wave add /
# run 1000 ns
Simulator is doing circuit initialization process.
Finished circuit initialization process.
PC =          0
Registers
R0(r0) =         0, R8 (t0) =         0, R16(s0) =         0, R24(t8) =         0
R1(at) =         5, R9 (t1) =         0, R17(s1) =         0, R25(t9) =         0
R2(v0) =        10, R10(t2) =         0, R18(s2) =         0, R26(k0) =         0
R3(v1) =         0, R11(t3) =         0, R19(s3) =         0, R27(k1) =         0
R4(a0) =         0, R12(t4) =         0, R20(s4) =         0, R28(gp) =         0
R5(a1) =         0, R13(t5) =         0, R21(s5) =         0, R29(sp) =         0
R6(a2) =         0, R14(t6) =         0, R22(s6) =         0, R30(s8) =         0
R7(a3) =         0, R15(t7) =         0, R23(s7) =         0, R31(ra) =         0
Data Memory: 0x00 =         0
Data Memory: 0x04 =         0
Data Memory: 0x08 =         0
Data Memory: 0x0c =         0
Data Memory: 0x10 =         0
Data Memory: 0x14 =        20
Data Memory: 0x18 =         0
Data Memory: 0x1c =         0


PC =          4
Registers
R0(r0) =         0, R8 (t0) =         0, R16(s0) =         0, R24(t8) =         0
R1(at) =         5, R9 (t1) =         0, R17(s1) =         0, R25(t9) =         0
R2(v0) =        10, R10(t2) =         0, R18(s2) =         0, R26(k0) =         0
R3(v1) =        15, R11(t3) =         0, R19(s3) =         0, R27(k1) =         0
R4(a0) =         0, R12(t4) =         0, R20(s4) =         0, R28(gp) =         0
R5(a1) =         0, R13(t5) =         0, R21(s5) =         0, R29(sp) =         0
R6(a2) =         0, R14(t6) =         0, R22(s6) =         0, R30(s8) =         0
R7(a3) =         0, R15(t7) =         0, R23(s7) =         0, R31(ra) =         0
Data Memory: 0x00 =         0
Data Memory: 0x04 =         0
Data Memory: 0x08 =         0
Data Memory: 0x0c =         0
Data Memory: 0x10 =         0
Data Memory: 0x14 =        20
Data Memory: 0x18 =         0
Data Memory: 0x1c =         0


PC =          8
Registers
R0(r0) =         0, R8 (t0) =         0, R16(s0) =         0, R24(t8) =         0
R1(at) =         5, R9 (t1) =         0, R17(s1) =         0, R25(t9) =         0
R2(v0) =        10, R10(t2) =         0, R18(s2) =         0, R26(k0) =         0
R3(v1) =        15, R11(t3) =         0, R19(s3) =         0, R27(k1) =         0
R4(a0) =         0, R12(t4) =         0, R20(s4) =         0, R28(gp) =         0
R5(a1) =         0, R13(t5) =         0, R21(s5) =         0, R29(sp) =         0
R6(a2) =         0, R14(t6) =         0, R22(s6) =         0, R30(s8) =         0
R7(a3) =         0, R15(t7) =         0, R23(s7) =         0, R31(ra) =         0
Data Memory: 0x00 =         5
Data Memory: 0x04 =         0
Data Memory: 0x08 =         0
Data Memory: 0x0c =         0
Data Memory: 0x10 =         0
Data Memory: 0x14 =        20
Data Memory: 0x18 =         0
Data Memory: 0x1c =         0


PC =         12
Registers
R0(r0) =         0, R8 (t0) =         0, R16(s0) =         0, R24(t8) =         0
R1(at) =         5, R9 (t1) =         0, R17(s1) =         0, R25(t9) =         0
R2(v0) =        10, R10(t2) =         0, R18(s2) =         0, R26(k0) =         0
R3(v1) =        15, R11(t3) =         0, R19(s3) =         0, R27(k1) =         0
R4(a0) =        20, R12(t4) =         0, R20(s4) =         0, R28(gp) =         0
R5(a1) =         0, R13(t5) =         0, R21(s5) =         0, R29(sp) =         0
R6(a2) =         0, R14(t6) =         0, R22(s6) =         0, R30(s8) =         0
R7(a3) =         0, R15(t7) =         0, R23(s7) =         0, R31(ra) =         0
Data Memory: 0x00 =         5
Data Memory: 0x04 =         0
Data Memory: 0x08 =         0
Data Memory: 0x0c =         0
Data Memory: 0x10 =         0
Data Memory: 0x14 =        20
Data Memory: 0x18 =         0
Data Memory: 0x1c =         0


PC =         20
Registers
R0(r0) =         0, R8 (t0) =         0, R16(s0) =         0, R24(t8) =         0
R1(at) =         5, R9 (t1) =         0, R17(s1) =         0, R25(t9) =         0
R2(v0) =        10, R10(t2) =         0, R18(s2) =         0, R26(k0) =         0
R3(v1) =        15, R11(t3) =         0, R19(s3) =         0, R27(k1) =         0
R4(a0) =        20, R12(t4) =         0, R20(s4) =         0, R28(gp) =         0
R5(a1) =         0, R13(t5) =         0, R21(s5) =         0, R29(sp) =         0
R6(a2) =         0, R14(t6) =         0, R22(s6) =         0, R30(s8) =         0
R7(a3) =         0, R15(t7) =         0, R23(s7) =         0, R31(ra) =         0
Data Memory: 0x00 =         5
Data Memory: 0x04 =         0
Data Memory: 0x08 =         0
Data Memory: 0x0c =         0
Data Memory: 0x10 =         0
Data Memory: 0x14 =        20
Data Memory: 0x18 =         0
Data Memory: 0x1c =         0


PC =         24
Registers
R0(r0) =         0, R8 (t0) =         0, R16(s0) =         0, R24(t8) =         0
R1(at) =         5, R9 (t1) =         0, R17(s1) =         0, R25(t9) =         0
R2(v0) =        10, R10(t2) =         0, R18(s2) =         0, R26(k0) =         0
R3(v1) =         5, R11(t3) =         0, R19(s3) =         0, R27(k1) =         0
R4(a0) =        20, R12(t4) =         0, R20(s4) =         0, R28(gp) =         0
R5(a1) =         0, R13(t5) =         0, R21(s5) =         0, R29(sp) =         0
R6(a2) =         0, R14(t6) =         0, R22(s6) =         0, R30(s8) =         0
R7(a3) =         0, R15(t7) =         0, R23(s7) =         0, R31(ra) =         0
Data Memory: 0x00 =         5
Data Memory: 0x04 =         0
Data Memory: 0x08 =         0
Data Memory: 0x0c =         0
Data Memory: 0x10 =         0
Data Memory: 0x14 =        20
Data Memory: 0x18 =         0
Data Memory: 0x1c =         0


Stopped at time : 325 ns :  in File "C:/Users/one/Desktop/Computer Architecture/Project/Alur/TestBench.v" Line 58 
